<?xml version="1.0" encoding="UTF-8"?>
<testsuite xmlns:xsi="http://www.w3.org/2001/XMLSchema-instance" xsi:noNamespaceSchemaLocation="https://maven.apache.org/surefire/maven-surefire-plugin/xsd/surefire-test-report-3.0.xsd" version="3.0" name="model.DiceModelTest" time="0.208" tests="17" errors="0" skipped="0" failures="0">
  <properties>
    <property name="java.specification.version" value="21"/>
    <property name="sun.jnu.encoding" value="UTF-8"/>
    <property name="java.class.path" value="/home/grzelu/Code/DiceGameSimulator/target/test-classes:/home/grzelu/Code/DiceGameSimulator/target/classes:/home/grzelu/.m2/repository/org/junit/jupiter/junit-jupiter-api/5.6.0/junit-jupiter-api-5.6.0.jar:/home/grzelu/.m2/repository/org/apiguardian/apiguardian-api/1.1.0/apiguardian-api-1.1.0.jar:/home/grzelu/.m2/repository/org/opentest4j/opentest4j/1.2.0/opentest4j-1.2.0.jar:/home/grzelu/.m2/repository/org/junit/platform/junit-platform-commons/1.6.0/junit-platform-commons-1.6.0.jar:/home/grzelu/.m2/repository/org/junit/jupiter/junit-jupiter-params/5.6.0/junit-jupiter-params-5.6.0.jar:/home/grzelu/.m2/repository/org/junit/jupiter/junit-jupiter-engine/5.6.0/junit-jupiter-engine-5.6.0.jar:/home/grzelu/.m2/repository/org/junit/platform/junit-platform-engine/1.6.0/junit-platform-engine-1.6.0.jar:"/>
    <property name="java.vm.vendor" value="Oracle Corporation"/>
    <property name="sun.arch.data.model" value="64"/>
    <property name="java.vendor.url" value="https://openjdk.org/"/>
    <property name="os.name" value="Linux"/>
    <property name="java.vm.specification.version" value="21"/>
    <property name="user.country" value="PL"/>
    <property name="sun.java.launcher" value="SUN_STANDARD"/>
    <property name="sun.boot.library.path" value="/usr/lib64/jvm/java-21-openjdk-21/lib"/>
    <property name="sun.java.command" value="/home/grzelu/Code/DiceGameSimulator/target/surefire/surefirebooter-20240113094139041_3.jar /home/grzelu/Code/DiceGameSimulator/target/surefire 2024-01-13T09-41-38_919-jvmRun1 surefire-20240113094139041_1tmp surefire_0-20240113094139041_2tmp"/>
    <property name="jdk.debug" value="release"/>
    <property name="test" value="model.DiceModelTest"/>
    <property name="surefire.test.class.path" value="/home/grzelu/Code/DiceGameSimulator/target/test-classes:/home/grzelu/Code/DiceGameSimulator/target/classes:/home/grzelu/.m2/repository/org/junit/jupiter/junit-jupiter-api/5.6.0/junit-jupiter-api-5.6.0.jar:/home/grzelu/.m2/repository/org/apiguardian/apiguardian-api/1.1.0/apiguardian-api-1.1.0.jar:/home/grzelu/.m2/repository/org/opentest4j/opentest4j/1.2.0/opentest4j-1.2.0.jar:/home/grzelu/.m2/repository/org/junit/platform/junit-platform-commons/1.6.0/junit-platform-commons-1.6.0.jar:/home/grzelu/.m2/repository/org/junit/jupiter/junit-jupiter-params/5.6.0/junit-jupiter-params-5.6.0.jar:/home/grzelu/.m2/repository/org/junit/jupiter/junit-jupiter-engine/5.6.0/junit-jupiter-engine-5.6.0.jar:/home/grzelu/.m2/repository/org/junit/platform/junit-platform-engine/1.6.0/junit-platform-engine-1.6.0.jar:"/>
    <property name="sun.cpu.endian" value="little"/>
    <property name="user.home" value="/home/grzelu"/>
    <property name="user.language" value="pl"/>
    <property name="java.specification.vendor" value="Oracle Corporation"/>
    <property name="java.version.date" value="2023-10-17"/>
    <property name="java.home" value="/usr/lib64/jvm/java-21-openjdk-21"/>
    <property name="file.separator" value="/"/>
    <property name="basedir" value="/home/grzelu/Code/DiceGameSimulator"/>
    <property name="java.vm.compressedOopsMode" value="Zero based"/>
    <property name="line.separator" value="&#10;"/>
    <property name="java.specification.name" value="Java Platform API Specification"/>
    <property name="java.vm.specification.vendor" value="Oracle Corporation"/>
    <property name="surefire.real.class.path" value="/home/grzelu/Code/DiceGameSimulator/target/surefire/surefirebooter-20240113094139041_3.jar"/>
    <property name="sun.management.compiler" value="HotSpot 64-Bit Tiered Compilers"/>
    <property name="java.runtime.version" value="21.0.1+-suse-2.2-x8664"/>
    <property name="user.name" value="grzelu"/>
    <property name="stdout.encoding" value="UTF-8"/>
    <property name="path.separator" value=":"/>
    <property name="os.version" value="6.6.2-1-default"/>
    <property name="java.runtime.name" value="OpenJDK Runtime Environment"/>
    <property name="file.encoding" value="UTF-8"/>
    <property name="java.vm.name" value="OpenJDK 64-Bit Server VM"/>
    <property name="maven.ext.class.path" value="/usr/lib/apache-netbeans/java/maven-nblib/netbeans-eventspy.jar"/>
    <property name="localRepository" value="/home/grzelu/.m2/repository"/>
    <property name="java.vendor.url.bug" value="https://bugreport.java.com/bugreport/"/>
    <property name="java.io.tmpdir" value="/tmp"/>
    <property name="java.version" value="21.0.1"/>
    <property name="user.dir" value="/home/grzelu/Code/DiceGameSimulator"/>
    <property name="os.arch" value="amd64"/>
    <property name="java.vm.specification.name" value="Java Virtual Machine Specification"/>
    <property name="native.encoding" value="UTF-8"/>
    <property name="java.library.path" value="/usr/java/packages/lib:/usr/lib64:/lib64:/lib:/usr/lib"/>
    <property name="java.vm.info" value="mixed mode, sharing"/>
    <property name="stderr.encoding" value="UTF-8"/>
    <property name="java.vendor" value="N/A"/>
    <property name="java.vm.version" value="21.0.1+-suse-2.2-x8664"/>
    <property name="sun.io.unicode.encoding" value="UnicodeLittle"/>
    <property name="java.class.version" value="65.0"/>
  </properties>
  <testcase name="testEvaluateGameResultMessage(int, int, int, int, int, String)[1]" classname="model.DiceModelTest" time="0.067"/>
  <testcase name="testEvaluateGameResultMessage(int, int, int, int, int, String)[2]" classname="model.DiceModelTest" time="0.002"/>
  <testcase name="testEvaluateGameResultMessage(int, int, int, int, int, String)[3]" classname="model.DiceModelTest" time="0.002"/>
  <testcase name="testEvaluateGameResultMessage(int, int, int, int, int, String)[4]" classname="model.DiceModelTest" time="0.002"/>
  <testcase name="testEvaluateGameResultMessage(int, int, int, int, int, String)[5]" classname="model.DiceModelTest" time="0.002"/>
  <testcase name="testEvaluateGameResultMessage(int, int, int, int, int, String)[6]" classname="model.DiceModelTest" time="0.002"/>
  <testcase name="testEvaluateGameResultMessage(int, int, int, int, int, String)[7]" classname="model.DiceModelTest" time="0.003"/>
  <testcase name="testProcessGameResultsInvalidSize(List)[1]" classname="model.DiceModelTest" time="0.003"/>
  <testcase name="testProcessGameResultsInvalidSize(List)[2]" classname="model.DiceModelTest" time="0.001"/>
  <testcase name="testProcessGameResultsInvalidSize(List)[3]" classname="model.DiceModelTest" time="0.001"/>
  <testcase name="testProcessGameResultsInvalidRange(List)[1]" classname="model.DiceModelTest" time="0.001"/>
  <testcase name="testProcessGameResultsInvalidRange(List)[2]" classname="model.DiceModelTest" time="0.001"/>
  <testcase name="testProcessGameResultsInvalidRange(List)[3]" classname="model.DiceModelTest" time="0.001"/>
  <testcase name="testProcessGameResultsValid(List)[1]" classname="model.DiceModelTest" time="0.003"/>
  <testcase name="testProcessGameResultsValid(List)[2]" classname="model.DiceModelTest" time="0.001"/>
  <testcase name="testProcessGameResultsValid(List)[3]" classname="model.DiceModelTest" time="0.001"/>
  <testcase name="testProcessGameResultsWithNull(List)[1]" classname="model.DiceModelTest" time="0.002"/>
</testsuite>